mode: set
courses-service/src/database/connection.go:13.69,20.16 3 0
courses-service/src/database/connection.go:20.16,23.3 2 0
courses-service/src/database/connection.go:25.2,27.20 2 0
courses-service/src/main.go:10.13,13.78 3 0
courses-service/src/main.go:13.78,15.3 1 0
courses-service/src/router/router.go:14.64,15.40 1 0
courses-service/src/router/router.go:15.40,17.3 1 0
courses-service/src/router/router.go:19.2,22.10 3 0
courses-service/src/router/router.go:25.51,31.16 4 0
courses-service/src/router/router.go:31.16,33.3 1 0
courses-service/src/router/router.go:35.2,39.10 4 0
courses-service/src/router/router.go:42.80,49.2 6 0
courses-service/src/repository/course_repository.go:18.77,20.2 1 0
courses-service/src/repository/course_repository.go:22.85,24.16 2 0
courses-service/src/repository/course_repository.go:24.16,26.3 1 0
courses-service/src/repository/course_repository.go:28.2,29.21 2 0
courses-service/src/repository/course_repository.go:32.66,34.16 2 0
courses-service/src/repository/course_repository.go:34.16,36.3 1 0
courses-service/src/repository/course_repository.go:38.2,39.61 2 0
courses-service/src/repository/course_repository.go:39.61,41.3 1 0
courses-service/src/repository/course_repository.go:43.2,43.21 1 0
courses-service/src/repository/course_repository.go:46.76,49.16 3 0
courses-service/src/repository/course_repository.go:49.16,51.3 1 0
courses-service/src/repository/course_repository.go:52.2,53.16 2 0
courses-service/src/repository/course_repository.go:53.16,55.3 1 0
courses-service/src/repository/course_repository.go:56.2,56.21 1 0
courses-service/src/repository/course_repository.go:59.92,61.16 2 0
courses-service/src/repository/course_repository.go:61.16,63.3 1 0
courses-service/src/repository/course_repository.go:65.2,66.61 2 0
courses-service/src/repository/course_repository.go:66.61,68.3 1 0
courses-service/src/repository/course_repository.go:69.2,69.21 1 0
courses-service/src/repository/course_repository.go:72.84,82.16 4 0
courses-service/src/repository/course_repository.go:82.16,84.3 1 0
courses-service/src/repository/course_repository.go:86.2,86.61 1 0
courses-service/src/repository/course_repository.go:86.61,88.3 1 0
courses-service/src/repository/course_repository.go:90.2,90.21 1 0
courses-service/src/repository/course_repository.go:93.58,95.16 2 0
courses-service/src/repository/course_repository.go:95.16,97.3 1 0
courses-service/src/repository/course_repository.go:98.2,99.16 2 0
courses-service/src/repository/course_repository.go:99.16,101.3 1 0
courses-service/src/repository/course_repository.go:102.2,102.12 1 0
courses-service/src/config/config.go:15.26,25.2 1 0
courses-service/src/controller/courses_controller.go:18.78,20.2 1 0
courses-service/src/controller/courses_controller.go:22.58,26.16 3 0
courses-service/src/controller/courses_controller.go:26.16,30.3 3 0
courses-service/src/controller/courses_controller.go:31.2,32.34 2 0
courses-service/src/controller/courses_controller.go:35.60,39.52 3 0
courses-service/src/controller/courses_controller.go:39.52,43.3 3 0
courses-service/src/controller/courses_controller.go:45.2,46.16 2 0
courses-service/src/controller/courses_controller.go:46.16,50.3 3 0
courses-service/src/controller/courses_controller.go:51.2,52.45 2 0
courses-service/src/controller/courses_controller.go:55.61,60.16 4 0
courses-service/src/controller/courses_controller.go:60.16,64.3 3 0
courses-service/src/controller/courses_controller.go:65.2,66.33 2 0
courses-service/src/controller/courses_controller.go:69.60,74.16 4 0
courses-service/src/controller/courses_controller.go:74.16,78.3 3 0
courses-service/src/controller/courses_controller.go:79.2,80.74 2 0
courses-service/src/controller/courses_controller.go:83.68,88.16 5 0
courses-service/src/controller/courses_controller.go:88.16,92.3 3 0
courses-service/src/controller/courses_controller.go:93.2,94.33 2 0
courses-service/src/controller/courses_controller.go:97.64,101.16 4 0
courses-service/src/controller/courses_controller.go:101.16,105.3 3 0
courses-service/src/controller/courses_controller.go:106.2,107.33 2 0
courses-service/src/service/course.go:23.73,25.2 1 0
courses-service/src/service/course.go:27.63,29.2 1 0
courses-service/src/service/course.go:31.92,32.21 1 0
courses-service/src/service/course.go:32.21,34.3 1 0
courses-service/src/service/course.go:36.2,43.48 2 0
courses-service/src/service/course.go:46.73,47.14 1 0
courses-service/src/service/course.go:47.14,49.3 1 0
courses-service/src/service/course.go:50.2,50.45 1 0
courses-service/src/service/course.go:53.55,54.14 1 0
courses-service/src/service/course.go:54.14,56.3 1 0
courses-service/src/service/course.go:57.2,57.44 1 0
courses-service/src/service/course.go:60.89,61.21 1 0
courses-service/src/service/course.go:61.21,63.3 1 0
courses-service/src/service/course.go:64.2,64.59 1 0
courses-service/src/service/course.go:67.81,68.17 1 0
courses-service/src/service/course.go:68.17,70.3 1 0
courses-service/src/service/course.go:71.2,71.51 1 0
courses-service/src/service/course.go:23.73,25.2 1 1
courses-service/src/service/course.go:27.63,29.2 1 0
courses-service/src/service/course.go:31.92,32.21 1 1
courses-service/src/service/course.go:32.21,34.3 1 1
courses-service/src/service/course.go:36.2,43.48 2 1
courses-service/src/service/course.go:46.73,47.14 1 1
courses-service/src/service/course.go:47.14,49.3 1 1
courses-service/src/service/course.go:50.2,50.45 1 1
courses-service/src/service/course.go:53.55,54.14 1 1
courses-service/src/service/course.go:54.14,56.3 1 1
courses-service/src/service/course.go:57.2,57.44 1 1
courses-service/src/service/course.go:60.89,61.21 1 1
courses-service/src/service/course.go:61.21,63.3 1 1
courses-service/src/service/course.go:64.2,64.59 1 1
courses-service/src/service/course.go:67.81,68.17 1 1
courses-service/src/service/course.go:68.17,70.3 1 0
courses-service/src/service/course.go:71.2,71.51 1 1
courses-service/src/tests/testutil/db_setup.go:19.29,24.16 5 0
courses-service/src/tests/testutil/db_setup.go:24.16,26.3 1 0
courses-service/src/tests/testutil/db_setup.go:28.2,29.16 2 0
courses-service/src/tests/testutil/db_setup.go:29.16,31.3 1 0
courses-service/src/tests/testutil/db_setup.go:33.2,39.3 3 0
courses-service/src/tests/testutil/db_setup.go:43.42,44.64 1 0
courses-service/src/tests/testutil/db_setup.go:44.64,46.3 1 0
