mode: set
courses-service/src/tests/testutil/db_setup.go:20.29,25.16 5 1
courses-service/src/tests/testutil/db_setup.go:25.16,27.3 1 0
courses-service/src/tests/testutil/db_setup.go:29.2,30.16 2 1
courses-service/src/tests/testutil/db_setup.go:30.16,32.3 1 0
courses-service/src/tests/testutil/db_setup.go:34.2,40.3 3 1
courses-service/src/tests/testutil/db_setup.go:44.42,45.64 1 0
courses-service/src/tests/testutil/db_setup.go:45.64,47.3 1 0
courses-service/src/tests/testutil/db_setup.go:51.57,54.16 3 0
courses-service/src/tests/testutil/db_setup.go:54.16,56.3 1 0
courses-service/src/service/course.go:24.73,26.2 1 1
courses-service/src/service/course.go:28.63,30.2 1 0
courses-service/src/service/course.go:32.92,33.21 1 1
courses-service/src/service/course.go:33.21,35.3 1 1
courses-service/src/service/course.go:37.2,45.48 2 1
courses-service/src/service/course.go:48.73,49.14 1 1
courses-service/src/service/course.go:49.14,51.3 1 1
courses-service/src/service/course.go:52.2,52.45 1 1
courses-service/src/service/course.go:55.55,56.14 1 1
courses-service/src/service/course.go:56.14,58.3 1 1
courses-service/src/service/course.go:59.2,59.44 1 1
courses-service/src/service/course.go:62.89,63.21 1 1
courses-service/src/service/course.go:63.21,65.3 1 1
courses-service/src/service/course.go:66.2,66.59 1 1
courses-service/src/service/course.go:69.81,70.17 1 1
courses-service/src/service/course.go:70.17,72.3 1 0
courses-service/src/service/course.go:73.2,73.51 1 1
courses-service/src/service/course.go:76.121,77.14 1 1
courses-service/src/service/course.go:77.14,79.3 1 1
courses-service/src/service/course.go:80.2,87.52 2 1
courses-service/src/repository/course_repository.go:20.49,26.45 4 1
courses-service/src/repository/course_repository.go:26.45,30.30 4 1
courses-service/src/repository/course_repository.go:30.30,33.4 2 1
courses-service/src/repository/course_repository.go:36.2,36.16 1 1
courses-service/src/repository/course_repository.go:39.43,42.22 2 1
courses-service/src/repository/course_repository.go:43.63,44.26 1 1
courses-service/src/repository/course_repository.go:45.22,46.30 1 1
courses-service/src/repository/course_repository.go:47.19,48.26 1 1
courses-service/src/repository/course_repository.go:49.20,50.23 1 0
courses-service/src/repository/course_repository.go:51.23,52.28 1 0
courses-service/src/repository/course_repository.go:53.10,54.52 1 1
courses-service/src/repository/course_repository.go:57.77,59.2 1 1
courses-service/src/repository/course_repository.go:61.85,63.16 2 1
courses-service/src/repository/course_repository.go:63.16,65.3 1 0
courses-service/src/repository/course_repository.go:67.2,68.21 2 1
courses-service/src/repository/course_repository.go:71.66,73.16 2 1
courses-service/src/repository/course_repository.go:73.16,75.3 1 0
courses-service/src/repository/course_repository.go:77.2,78.61 2 1
courses-service/src/repository/course_repository.go:78.61,80.3 1 0
courses-service/src/repository/course_repository.go:82.2,82.21 1 1
courses-service/src/repository/course_repository.go:85.76,88.16 3 1
courses-service/src/repository/course_repository.go:88.16,90.3 1 0
courses-service/src/repository/course_repository.go:91.2,92.16 2 1
courses-service/src/repository/course_repository.go:92.16,94.3 1 1
courses-service/src/repository/course_repository.go:95.2,95.21 1 1
courses-service/src/repository/course_repository.go:98.92,100.16 2 1
courses-service/src/repository/course_repository.go:100.16,102.3 1 0
courses-service/src/repository/course_repository.go:104.2,105.61 2 1
courses-service/src/repository/course_repository.go:105.61,107.3 1 0
courses-service/src/repository/course_repository.go:108.2,108.21 1 1
courses-service/src/repository/course_repository.go:111.84,121.16 4 1
courses-service/src/repository/course_repository.go:121.16,123.3 1 0
courses-service/src/repository/course_repository.go:125.2,125.61 1 1
courses-service/src/repository/course_repository.go:125.61,127.3 1 0
courses-service/src/repository/course_repository.go:129.2,129.21 1 1
courses-service/src/repository/course_repository.go:132.58,134.16 2 1
courses-service/src/repository/course_repository.go:134.16,136.3 1 0
courses-service/src/repository/course_repository.go:137.2,138.16 2 1
courses-service/src/repository/course_repository.go:138.16,140.3 1 0
courses-service/src/repository/course_repository.go:141.2,141.12 1 1
courses-service/src/repository/course_repository.go:144.109,146.16 2 1
courses-service/src/repository/course_repository.go:146.16,148.3 1 0
courses-service/src/repository/course_repository.go:150.2,153.16 3 1
courses-service/src/repository/course_repository.go:153.16,155.3 1 0
courses-service/src/repository/course_repository.go:157.2,158.16 2 1
courses-service/src/repository/course_repository.go:158.16,160.3 1 1
courses-service/src/repository/course_repository.go:162.2,162.27 1 1
courses-service/src/tests/testutil/db_setup.go:20.29,25.16 5 1
courses-service/src/tests/testutil/db_setup.go:25.16,27.3 1 0
courses-service/src/tests/testutil/db_setup.go:29.2,30.16 2 1
courses-service/src/tests/testutil/db_setup.go:30.16,32.3 1 0
courses-service/src/tests/testutil/db_setup.go:34.2,40.3 3 1
courses-service/src/tests/testutil/db_setup.go:44.42,45.64 1 0
courses-service/src/tests/testutil/db_setup.go:45.64,47.3 1 0
courses-service/src/tests/testutil/db_setup.go:51.57,54.16 3 1
courses-service/src/tests/testutil/db_setup.go:54.16,56.3 1 0
