mode: set
courses-service/src/main.go:10.13,13.78 3 0
courses-service/src/main.go:13.78,15.3 1 0
courses-service/src/config/config.go:15.26,25.2 1 0
courses-service/src/controller/courses_controller.go:18.78,20.2 1 0
courses-service/src/controller/courses_controller.go:22.58,26.16 3 0
courses-service/src/controller/courses_controller.go:26.16,30.3 3 0
courses-service/src/controller/courses_controller.go:31.2,32.34 2 0
courses-service/src/controller/courses_controller.go:35.60,39.52 3 0
courses-service/src/controller/courses_controller.go:39.52,43.3 3 0
courses-service/src/controller/courses_controller.go:45.2,46.16 2 0
courses-service/src/controller/courses_controller.go:46.16,50.3 3 0
courses-service/src/controller/courses_controller.go:51.2,52.45 2 0
courses-service/src/controller/courses_controller.go:55.61,60.16 4 0
courses-service/src/controller/courses_controller.go:60.16,64.3 3 0
courses-service/src/controller/courses_controller.go:65.2,66.33 2 0
courses-service/src/controller/courses_controller.go:69.60,74.16 4 0
courses-service/src/controller/courses_controller.go:74.16,78.3 3 0
courses-service/src/controller/courses_controller.go:79.2,80.74 2 0
courses-service/src/controller/courses_controller.go:83.68,88.16 5 0
courses-service/src/controller/courses_controller.go:88.16,92.3 3 0
courses-service/src/controller/courses_controller.go:93.2,94.33 2 0
courses-service/src/controller/courses_controller.go:97.64,101.16 4 0
courses-service/src/controller/courses_controller.go:101.16,105.3 3 0
courses-service/src/controller/courses_controller.go:106.2,107.33 2 0
courses-service/src/controller/courses_controller.go:110.60,115.65 4 0
courses-service/src/controller/courses_controller.go:115.65,119.3 3 0
courses-service/src/controller/courses_controller.go:121.2,122.16 2 0
courses-service/src/controller/courses_controller.go:122.16,126.3 3 0
courses-service/src/controller/courses_controller.go:127.2,128.40 2 0
courses-service/src/database/connection.go:13.69,20.16 3 0
courses-service/src/database/connection.go:20.16,23.3 2 0
courses-service/src/database/connection.go:25.2,27.20 2 0
courses-service/src/router/router.go:18.64,19.40 1 0
courses-service/src/router/router.go:19.40,21.3 1 0
courses-service/src/router/router.go:21.8,23.3 1 0
courses-service/src/router/router.go:25.2,26.10 2 0
courses-service/src/router/router.go:29.43,35.16 2 0
courses-service/src/router/router.go:35.16,37.3 1 0
courses-service/src/router/router.go:39.2,39.30 1 0
courses-service/src/router/router.go:41.51,49.16 5 0
courses-service/src/router/router.go:49.16,51.3 1 0
courses-service/src/router/router.go:53.2,57.10 4 0
courses-service/src/router/router.go:60.80,68.2 7 0
courses-service/src/service/course.go:24.73,26.2 1 0
courses-service/src/service/course.go:28.63,30.2 1 0
courses-service/src/service/course.go:32.92,33.21 1 0
courses-service/src/service/course.go:33.21,35.3 1 0
courses-service/src/service/course.go:37.2,45.48 2 0
courses-service/src/service/course.go:48.73,49.14 1 0
courses-service/src/service/course.go:49.14,51.3 1 0
courses-service/src/service/course.go:52.2,52.45 1 0
courses-service/src/service/course.go:55.55,56.14 1 0
courses-service/src/service/course.go:56.14,58.3 1 0
courses-service/src/service/course.go:59.2,59.44 1 0
courses-service/src/service/course.go:62.89,63.21 1 0
courses-service/src/service/course.go:63.21,65.3 1 0
courses-service/src/service/course.go:66.2,66.59 1 0
courses-service/src/service/course.go:69.81,70.17 1 0
courses-service/src/service/course.go:70.17,72.3 1 0
courses-service/src/service/course.go:73.2,73.51 1 0
courses-service/src/service/course.go:76.121,77.14 1 0
courses-service/src/service/course.go:77.14,79.3 1 0
courses-service/src/service/course.go:80.2,87.52 2 0
courses-service/src/repository/course_repository.go:21.49,27.45 4 0
courses-service/src/repository/course_repository.go:27.45,31.30 4 0
courses-service/src/repository/course_repository.go:31.30,34.4 2 0
courses-service/src/repository/course_repository.go:37.2,37.16 1 0
courses-service/src/repository/course_repository.go:40.43,43.22 2 0
courses-service/src/repository/course_repository.go:44.63,45.26 1 0
courses-service/src/repository/course_repository.go:46.22,47.30 1 0
courses-service/src/repository/course_repository.go:48.19,49.26 1 0
courses-service/src/repository/course_repository.go:50.20,51.23 1 0
courses-service/src/repository/course_repository.go:52.23,53.28 1 0
courses-service/src/repository/course_repository.go:54.10,55.52 1 0
courses-service/src/repository/course_repository.go:58.77,60.2 1 0
courses-service/src/repository/course_repository.go:62.85,64.16 2 0
courses-service/src/repository/course_repository.go:64.16,66.3 1 0
courses-service/src/repository/course_repository.go:68.2,69.21 2 0
courses-service/src/repository/course_repository.go:72.66,74.16 2 0
courses-service/src/repository/course_repository.go:74.16,76.3 1 0
courses-service/src/repository/course_repository.go:78.2,79.61 2 0
courses-service/src/repository/course_repository.go:79.61,81.3 1 0
courses-service/src/repository/course_repository.go:83.2,83.21 1 0
courses-service/src/repository/course_repository.go:86.76,89.16 3 0
courses-service/src/repository/course_repository.go:89.16,91.3 1 0
courses-service/src/repository/course_repository.go:92.2,93.16 2 0
courses-service/src/repository/course_repository.go:93.16,95.3 1 0
courses-service/src/repository/course_repository.go:96.2,96.21 1 0
courses-service/src/repository/course_repository.go:99.92,101.16 2 0
courses-service/src/repository/course_repository.go:101.16,103.3 1 0
courses-service/src/repository/course_repository.go:105.2,106.61 2 0
courses-service/src/repository/course_repository.go:106.61,108.3 1 0
courses-service/src/repository/course_repository.go:109.2,109.21 1 0
courses-service/src/repository/course_repository.go:112.84,122.16 4 0
courses-service/src/repository/course_repository.go:122.16,124.3 1 0
courses-service/src/repository/course_repository.go:126.2,126.61 1 0
courses-service/src/repository/course_repository.go:126.61,128.3 1 0
courses-service/src/repository/course_repository.go:130.2,130.21 1 0
courses-service/src/repository/course_repository.go:133.58,135.16 2 0
courses-service/src/repository/course_repository.go:135.16,137.3 1 0
courses-service/src/repository/course_repository.go:138.2,139.16 2 0
courses-service/src/repository/course_repository.go:139.16,141.3 1 0
courses-service/src/repository/course_repository.go:142.2,142.12 1 0
courses-service/src/repository/course_repository.go:145.109,147.16 2 0
courses-service/src/repository/course_repository.go:147.16,149.3 1 0
courses-service/src/repository/course_repository.go:151.2,154.16 3 0
courses-service/src/repository/course_repository.go:154.16,156.3 1 0
courses-service/src/repository/course_repository.go:158.2,159.16 2 0
courses-service/src/repository/course_repository.go:159.16,161.3 1 0
courses-service/src/repository/course_repository.go:163.2,163.27 1 0
courses-service/src/tests/testutil/db_setup.go:20.29,25.16 5 0
courses-service/src/tests/testutil/db_setup.go:25.16,27.3 1 0
courses-service/src/tests/testutil/db_setup.go:29.2,30.16 2 0
courses-service/src/tests/testutil/db_setup.go:30.16,32.3 1 0
courses-service/src/tests/testutil/db_setup.go:34.2,40.3 3 0
courses-service/src/tests/testutil/db_setup.go:44.42,45.64 1 0
courses-service/src/tests/testutil/db_setup.go:45.64,47.3 1 0
courses-service/src/tests/testutil/db_setup.go:51.57,54.16 3 0
courses-service/src/tests/testutil/db_setup.go:54.16,56.3 1 0
courses-service/src/main.go:10.13,13.78 3 0
courses-service/src/main.go:13.78,15.3 1 0
courses-service/src/config/config.go:15.26,25.2 1 0
courses-service/src/controller/courses_controller.go:18.78,20.2 1 0
courses-service/src/controller/courses_controller.go:22.58,26.16 3 0
courses-service/src/controller/courses_controller.go:26.16,30.3 3 0
courses-service/src/controller/courses_controller.go:31.2,32.34 2 0
courses-service/src/controller/courses_controller.go:35.60,39.52 3 0
courses-service/src/controller/courses_controller.go:39.52,43.3 3 0
courses-service/src/controller/courses_controller.go:45.2,46.16 2 0
courses-service/src/controller/courses_controller.go:46.16,50.3 3 0
courses-service/src/controller/courses_controller.go:51.2,52.45 2 0
courses-service/src/controller/courses_controller.go:55.61,60.16 4 0
courses-service/src/controller/courses_controller.go:60.16,64.3 3 0
courses-service/src/controller/courses_controller.go:65.2,66.33 2 0
courses-service/src/controller/courses_controller.go:69.60,74.16 4 0
courses-service/src/controller/courses_controller.go:74.16,78.3 3 0
courses-service/src/controller/courses_controller.go:79.2,80.74 2 0
courses-service/src/controller/courses_controller.go:83.68,88.16 5 0
courses-service/src/controller/courses_controller.go:88.16,92.3 3 0
courses-service/src/controller/courses_controller.go:93.2,94.33 2 0
courses-service/src/controller/courses_controller.go:97.64,101.16 4 0
courses-service/src/controller/courses_controller.go:101.16,105.3 3 0
courses-service/src/controller/courses_controller.go:106.2,107.33 2 0
courses-service/src/controller/courses_controller.go:110.60,115.65 4 0
courses-service/src/controller/courses_controller.go:115.65,119.3 3 0
courses-service/src/controller/courses_controller.go:121.2,122.16 2 0
courses-service/src/controller/courses_controller.go:122.16,126.3 3 0
courses-service/src/controller/courses_controller.go:127.2,128.40 2 0
courses-service/src/database/connection.go:13.69,20.16 3 0
courses-service/src/database/connection.go:20.16,23.3 2 0
courses-service/src/database/connection.go:25.2,27.20 2 0
courses-service/src/repository/course_repository.go:21.49,27.45 4 0
courses-service/src/repository/course_repository.go:27.45,31.30 4 0
courses-service/src/repository/course_repository.go:31.30,34.4 2 0
courses-service/src/repository/course_repository.go:37.2,37.16 1 0
courses-service/src/repository/course_repository.go:40.43,43.22 2 0
courses-service/src/repository/course_repository.go:44.63,45.26 1 0
courses-service/src/repository/course_repository.go:46.22,47.30 1 0
courses-service/src/repository/course_repository.go:48.19,49.26 1 0
courses-service/src/repository/course_repository.go:50.20,51.23 1 0
courses-service/src/repository/course_repository.go:52.23,53.28 1 0
courses-service/src/repository/course_repository.go:54.10,55.52 1 0
courses-service/src/repository/course_repository.go:58.77,60.2 1 0
courses-service/src/repository/course_repository.go:62.85,64.16 2 0
courses-service/src/repository/course_repository.go:64.16,66.3 1 0
courses-service/src/repository/course_repository.go:68.2,69.21 2 0
courses-service/src/repository/course_repository.go:72.66,74.16 2 0
courses-service/src/repository/course_repository.go:74.16,76.3 1 0
courses-service/src/repository/course_repository.go:78.2,79.61 2 0
courses-service/src/repository/course_repository.go:79.61,81.3 1 0
courses-service/src/repository/course_repository.go:83.2,83.21 1 0
courses-service/src/repository/course_repository.go:86.76,89.16 3 0
courses-service/src/repository/course_repository.go:89.16,91.3 1 0
courses-service/src/repository/course_repository.go:92.2,93.16 2 0
courses-service/src/repository/course_repository.go:93.16,95.3 1 0
courses-service/src/repository/course_repository.go:96.2,96.21 1 0
courses-service/src/repository/course_repository.go:99.92,101.16 2 0
courses-service/src/repository/course_repository.go:101.16,103.3 1 0
courses-service/src/repository/course_repository.go:105.2,106.61 2 0
courses-service/src/repository/course_repository.go:106.61,108.3 1 0
courses-service/src/repository/course_repository.go:109.2,109.21 1 0
courses-service/src/repository/course_repository.go:112.84,122.16 4 0
courses-service/src/repository/course_repository.go:122.16,124.3 1 0
courses-service/src/repository/course_repository.go:126.2,126.61 1 0
courses-service/src/repository/course_repository.go:126.61,128.3 1 0
courses-service/src/repository/course_repository.go:130.2,130.21 1 0
courses-service/src/repository/course_repository.go:133.58,135.16 2 0
courses-service/src/repository/course_repository.go:135.16,137.3 1 0
courses-service/src/repository/course_repository.go:138.2,139.16 2 0
courses-service/src/repository/course_repository.go:139.16,141.3 1 0
courses-service/src/repository/course_repository.go:142.2,142.12 1 0
courses-service/src/repository/course_repository.go:145.109,147.16 2 0
courses-service/src/repository/course_repository.go:147.16,149.3 1 0
courses-service/src/repository/course_repository.go:151.2,154.16 3 0
courses-service/src/repository/course_repository.go:154.16,156.3 1 0
courses-service/src/repository/course_repository.go:158.2,159.16 2 0
courses-service/src/repository/course_repository.go:159.16,161.3 1 0
courses-service/src/repository/course_repository.go:163.2,163.27 1 0
courses-service/src/router/router.go:18.64,19.40 1 0
courses-service/src/router/router.go:19.40,21.3 1 0
courses-service/src/router/router.go:21.8,23.3 1 0
courses-service/src/router/router.go:25.2,26.10 2 0
courses-service/src/router/router.go:29.43,35.16 2 0
courses-service/src/router/router.go:35.16,37.3 1 0
courses-service/src/router/router.go:39.2,39.30 1 0
courses-service/src/router/router.go:41.51,49.16 5 0
courses-service/src/router/router.go:49.16,51.3 1 0
courses-service/src/router/router.go:53.2,57.10 4 0
courses-service/src/router/router.go:60.80,68.2 7 0
courses-service/src/service/course.go:24.73,26.2 1 1
courses-service/src/service/course.go:28.63,30.2 1 0
courses-service/src/service/course.go:32.92,33.21 1 1
courses-service/src/service/course.go:33.21,35.3 1 1
courses-service/src/service/course.go:37.2,45.48 2 1
courses-service/src/service/course.go:48.73,49.14 1 1
courses-service/src/service/course.go:49.14,51.3 1 1
courses-service/src/service/course.go:52.2,52.45 1 1
courses-service/src/service/course.go:55.55,56.14 1 1
courses-service/src/service/course.go:56.14,58.3 1 1
courses-service/src/service/course.go:59.2,59.44 1 1
courses-service/src/service/course.go:62.89,63.21 1 1
courses-service/src/service/course.go:63.21,65.3 1 1
courses-service/src/service/course.go:66.2,66.59 1 1
courses-service/src/service/course.go:69.81,70.17 1 1
courses-service/src/service/course.go:70.17,72.3 1 0
courses-service/src/service/course.go:73.2,73.51 1 1
courses-service/src/service/course.go:76.121,77.14 1 1
courses-service/src/service/course.go:77.14,79.3 1 1
courses-service/src/service/course.go:80.2,87.52 2 1
courses-service/src/tests/testutil/db_setup.go:20.29,25.16 5 0
courses-service/src/tests/testutil/db_setup.go:25.16,27.3 1 0
courses-service/src/tests/testutil/db_setup.go:29.2,30.16 2 0
courses-service/src/tests/testutil/db_setup.go:30.16,32.3 1 0
courses-service/src/tests/testutil/db_setup.go:34.2,40.3 3 0
courses-service/src/tests/testutil/db_setup.go:44.42,45.64 1 0
courses-service/src/tests/testutil/db_setup.go:45.64,47.3 1 0
courses-service/src/tests/testutil/db_setup.go:51.57,54.16 3 0
courses-service/src/tests/testutil/db_setup.go:54.16,56.3 1 0
courses-service/src/main.go:10.13,13.78 3 0
courses-service/src/main.go:13.78,15.3 1 0
courses-service/src/config/config.go:15.26,25.2 1 0
courses-service/src/controller/courses_controller.go:18.78,20.2 1 0
courses-service/src/controller/courses_controller.go:22.58,26.16 3 0
courses-service/src/controller/courses_controller.go:26.16,30.3 3 0
courses-service/src/controller/courses_controller.go:31.2,32.34 2 0
courses-service/src/controller/courses_controller.go:35.60,39.52 3 0
courses-service/src/controller/courses_controller.go:39.52,43.3 3 0
courses-service/src/controller/courses_controller.go:45.2,46.16 2 0
courses-service/src/controller/courses_controller.go:46.16,50.3 3 0
courses-service/src/controller/courses_controller.go:51.2,52.45 2 0
courses-service/src/controller/courses_controller.go:55.61,60.16 4 0
courses-service/src/controller/courses_controller.go:60.16,64.3 3 0
courses-service/src/controller/courses_controller.go:65.2,66.33 2 0
courses-service/src/controller/courses_controller.go:69.60,74.16 4 0
courses-service/src/controller/courses_controller.go:74.16,78.3 3 0
courses-service/src/controller/courses_controller.go:79.2,80.74 2 0
courses-service/src/controller/courses_controller.go:83.68,88.16 5 0
courses-service/src/controller/courses_controller.go:88.16,92.3 3 0
courses-service/src/controller/courses_controller.go:93.2,94.33 2 0
courses-service/src/controller/courses_controller.go:97.64,101.16 4 0
courses-service/src/controller/courses_controller.go:101.16,105.3 3 0
courses-service/src/controller/courses_controller.go:106.2,107.33 2 0
courses-service/src/controller/courses_controller.go:110.60,115.65 4 0
courses-service/src/controller/courses_controller.go:115.65,119.3 3 0
courses-service/src/controller/courses_controller.go:121.2,122.16 2 0
courses-service/src/controller/courses_controller.go:122.16,126.3 3 0
courses-service/src/controller/courses_controller.go:127.2,128.40 2 0
courses-service/src/database/connection.go:13.69,20.16 3 0
courses-service/src/database/connection.go:20.16,23.3 2 0
courses-service/src/database/connection.go:25.2,27.20 2 0
courses-service/src/repository/course_repository.go:21.49,27.45 4 0
courses-service/src/repository/course_repository.go:27.45,31.30 4 0
courses-service/src/repository/course_repository.go:31.30,34.4 2 0
courses-service/src/repository/course_repository.go:37.2,37.16 1 0
courses-service/src/repository/course_repository.go:40.43,43.22 2 0
courses-service/src/repository/course_repository.go:44.63,45.26 1 0
courses-service/src/repository/course_repository.go:46.22,47.30 1 0
courses-service/src/repository/course_repository.go:48.19,49.26 1 0
courses-service/src/repository/course_repository.go:50.20,51.23 1 0
courses-service/src/repository/course_repository.go:52.23,53.28 1 0
courses-service/src/repository/course_repository.go:54.10,55.52 1 0
courses-service/src/repository/course_repository.go:58.77,60.2 1 0
courses-service/src/repository/course_repository.go:62.85,64.16 2 0
courses-service/src/repository/course_repository.go:64.16,66.3 1 0
courses-service/src/repository/course_repository.go:68.2,69.21 2 0
courses-service/src/repository/course_repository.go:72.66,74.16 2 0
courses-service/src/repository/course_repository.go:74.16,76.3 1 0
courses-service/src/repository/course_repository.go:78.2,79.61 2 0
courses-service/src/repository/course_repository.go:79.61,81.3 1 0
courses-service/src/repository/course_repository.go:83.2,83.21 1 0
courses-service/src/repository/course_repository.go:86.76,89.16 3 0
courses-service/src/repository/course_repository.go:89.16,91.3 1 0
courses-service/src/repository/course_repository.go:92.2,93.16 2 0
courses-service/src/repository/course_repository.go:93.16,95.3 1 0
courses-service/src/repository/course_repository.go:96.2,96.21 1 0
courses-service/src/repository/course_repository.go:99.92,101.16 2 0
courses-service/src/repository/course_repository.go:101.16,103.3 1 0
courses-service/src/repository/course_repository.go:105.2,106.61 2 0
courses-service/src/repository/course_repository.go:106.61,108.3 1 0
courses-service/src/repository/course_repository.go:109.2,109.21 1 0
courses-service/src/repository/course_repository.go:112.84,122.16 4 0
courses-service/src/repository/course_repository.go:122.16,124.3 1 0
courses-service/src/repository/course_repository.go:126.2,126.61 1 0
courses-service/src/repository/course_repository.go:126.61,128.3 1 0
courses-service/src/repository/course_repository.go:130.2,130.21 1 0
courses-service/src/repository/course_repository.go:133.58,135.16 2 0
courses-service/src/repository/course_repository.go:135.16,137.3 1 0
courses-service/src/repository/course_repository.go:138.2,139.16 2 0
courses-service/src/repository/course_repository.go:139.16,141.3 1 0
courses-service/src/repository/course_repository.go:142.2,142.12 1 0
courses-service/src/repository/course_repository.go:145.109,147.16 2 0
courses-service/src/repository/course_repository.go:147.16,149.3 1 0
courses-service/src/repository/course_repository.go:151.2,154.16 3 0
courses-service/src/repository/course_repository.go:154.16,156.3 1 0
courses-service/src/repository/course_repository.go:158.2,159.16 2 0
courses-service/src/repository/course_repository.go:159.16,161.3 1 0
courses-service/src/repository/course_repository.go:163.2,163.27 1 0
courses-service/src/router/router.go:18.64,19.40 1 0
courses-service/src/router/router.go:19.40,21.3 1 0
courses-service/src/router/router.go:21.8,23.3 1 0
courses-service/src/router/router.go:25.2,26.10 2 0
courses-service/src/router/router.go:29.43,35.16 2 0
courses-service/src/router/router.go:35.16,37.3 1 0
courses-service/src/router/router.go:39.2,39.30 1 0
courses-service/src/router/router.go:41.51,49.16 5 0
courses-service/src/router/router.go:49.16,51.3 1 0
courses-service/src/router/router.go:53.2,57.10 4 0
courses-service/src/router/router.go:60.80,68.2 7 0
courses-service/src/service/course.go:24.73,26.2 1 0
courses-service/src/service/course.go:28.63,30.2 1 0
courses-service/src/service/course.go:32.92,33.21 1 0
courses-service/src/service/course.go:33.21,35.3 1 0
courses-service/src/service/course.go:37.2,45.48 2 0
courses-service/src/service/course.go:48.73,49.14 1 0
courses-service/src/service/course.go:49.14,51.3 1 0
courses-service/src/service/course.go:52.2,52.45 1 0
courses-service/src/service/course.go:55.55,56.14 1 0
courses-service/src/service/course.go:56.14,58.3 1 0
courses-service/src/service/course.go:59.2,59.44 1 0
courses-service/src/service/course.go:62.89,63.21 1 0
courses-service/src/service/course.go:63.21,65.3 1 0
courses-service/src/service/course.go:66.2,66.59 1 0
courses-service/src/service/course.go:69.81,70.17 1 0
courses-service/src/service/course.go:70.17,72.3 1 0
courses-service/src/service/course.go:73.2,73.51 1 0
courses-service/src/service/course.go:76.121,77.14 1 0
courses-service/src/service/course.go:77.14,79.3 1 0
courses-service/src/service/course.go:80.2,87.52 2 0
courses-service/src/tests/testutil/db_setup.go:20.29,25.16 5 1
courses-service/src/tests/testutil/db_setup.go:25.16,27.3 1 0
courses-service/src/tests/testutil/db_setup.go:29.2,30.16 2 1
courses-service/src/tests/testutil/db_setup.go:30.16,32.3 1 0
courses-service/src/tests/testutil/db_setup.go:34.2,40.3 3 1
courses-service/src/tests/testutil/db_setup.go:44.42,45.64 1 0
courses-service/src/tests/testutil/db_setup.go:45.64,47.3 1 0
courses-service/src/tests/testutil/db_setup.go:51.57,54.16 3 0
courses-service/src/tests/testutil/db_setup.go:54.16,56.3 1 0
courses-service/src/main.go:10.13,13.78 3 0
courses-service/src/main.go:13.78,15.3 1 0
courses-service/src/config/config.go:15.26,25.2 1 0
courses-service/src/controller/courses_controller.go:18.78,20.2 1 0
courses-service/src/controller/courses_controller.go:22.58,26.16 3 0
courses-service/src/controller/courses_controller.go:26.16,30.3 3 0
courses-service/src/controller/courses_controller.go:31.2,32.34 2 0
courses-service/src/controller/courses_controller.go:35.60,39.52 3 0
courses-service/src/controller/courses_controller.go:39.52,43.3 3 0
courses-service/src/controller/courses_controller.go:45.2,46.16 2 0
courses-service/src/controller/courses_controller.go:46.16,50.3 3 0
courses-service/src/controller/courses_controller.go:51.2,52.45 2 0
courses-service/src/controller/courses_controller.go:55.61,60.16 4 0
courses-service/src/controller/courses_controller.go:60.16,64.3 3 0
courses-service/src/controller/courses_controller.go:65.2,66.33 2 0
courses-service/src/controller/courses_controller.go:69.60,74.16 4 0
courses-service/src/controller/courses_controller.go:74.16,78.3 3 0
courses-service/src/controller/courses_controller.go:79.2,80.74 2 0
courses-service/src/controller/courses_controller.go:83.68,88.16 5 0
courses-service/src/controller/courses_controller.go:88.16,92.3 3 0
courses-service/src/controller/courses_controller.go:93.2,94.33 2 0
courses-service/src/controller/courses_controller.go:97.64,101.16 4 0
courses-service/src/controller/courses_controller.go:101.16,105.3 3 0
courses-service/src/controller/courses_controller.go:106.2,107.33 2 0
courses-service/src/controller/courses_controller.go:110.60,115.65 4 0
courses-service/src/controller/courses_controller.go:115.65,119.3 3 0
courses-service/src/controller/courses_controller.go:121.2,122.16 2 0
courses-service/src/controller/courses_controller.go:122.16,126.3 3 0
courses-service/src/controller/courses_controller.go:127.2,128.40 2 0
courses-service/src/database/connection.go:13.69,20.16 3 0
courses-service/src/database/connection.go:20.16,23.3 2 0
courses-service/src/database/connection.go:25.2,27.20 2 0
courses-service/src/repository/course_repository.go:21.49,27.45 4 1
courses-service/src/repository/course_repository.go:27.45,31.30 4 1
courses-service/src/repository/course_repository.go:31.30,34.4 2 1
courses-service/src/repository/course_repository.go:37.2,37.16 1 1
courses-service/src/repository/course_repository.go:40.43,43.22 2 1
courses-service/src/repository/course_repository.go:44.63,45.26 1 1
courses-service/src/repository/course_repository.go:46.22,47.30 1 1
courses-service/src/repository/course_repository.go:48.19,49.26 1 1
courses-service/src/repository/course_repository.go:50.20,51.23 1 0
courses-service/src/repository/course_repository.go:52.23,53.28 1 0
courses-service/src/repository/course_repository.go:54.10,55.52 1 1
courses-service/src/repository/course_repository.go:58.77,60.2 1 1
courses-service/src/repository/course_repository.go:62.85,64.16 2 1
courses-service/src/repository/course_repository.go:64.16,66.3 1 0
courses-service/src/repository/course_repository.go:68.2,69.21 2 1
courses-service/src/repository/course_repository.go:72.66,74.16 2 1
courses-service/src/repository/course_repository.go:74.16,76.3 1 0
courses-service/src/repository/course_repository.go:78.2,79.61 2 1
courses-service/src/repository/course_repository.go:79.61,81.3 1 0
courses-service/src/repository/course_repository.go:83.2,83.21 1 1
courses-service/src/repository/course_repository.go:86.76,89.16 3 1
courses-service/src/repository/course_repository.go:89.16,91.3 1 0
courses-service/src/repository/course_repository.go:92.2,93.16 2 1
courses-service/src/repository/course_repository.go:93.16,95.3 1 1
courses-service/src/repository/course_repository.go:96.2,96.21 1 1
courses-service/src/repository/course_repository.go:99.92,101.16 2 1
courses-service/src/repository/course_repository.go:101.16,103.3 1 0
courses-service/src/repository/course_repository.go:105.2,106.61 2 1
courses-service/src/repository/course_repository.go:106.61,108.3 1 0
courses-service/src/repository/course_repository.go:109.2,109.21 1 1
courses-service/src/repository/course_repository.go:112.84,122.16 4 1
courses-service/src/repository/course_repository.go:122.16,124.3 1 0
courses-service/src/repository/course_repository.go:126.2,126.61 1 1
courses-service/src/repository/course_repository.go:126.61,128.3 1 0
courses-service/src/repository/course_repository.go:130.2,130.21 1 1
courses-service/src/repository/course_repository.go:133.58,135.16 2 1
courses-service/src/repository/course_repository.go:135.16,137.3 1 0
courses-service/src/repository/course_repository.go:138.2,139.16 2 1
courses-service/src/repository/course_repository.go:139.16,141.3 1 0
courses-service/src/repository/course_repository.go:142.2,142.12 1 1
courses-service/src/repository/course_repository.go:145.109,147.16 2 1
courses-service/src/repository/course_repository.go:147.16,149.3 1 0
courses-service/src/repository/course_repository.go:151.2,154.16 3 1
courses-service/src/repository/course_repository.go:154.16,156.3 1 0
courses-service/src/repository/course_repository.go:158.2,159.16 2 1
courses-service/src/repository/course_repository.go:159.16,161.3 1 1
courses-service/src/repository/course_repository.go:163.2,163.27 1 1
courses-service/src/router/router.go:18.64,19.40 1 0
courses-service/src/router/router.go:19.40,21.3 1 0
courses-service/src/router/router.go:21.8,23.3 1 0
courses-service/src/router/router.go:25.2,26.10 2 0
courses-service/src/router/router.go:29.43,35.16 2 0
courses-service/src/router/router.go:35.16,37.3 1 0
courses-service/src/router/router.go:39.2,39.30 1 0
courses-service/src/router/router.go:41.51,49.16 5 0
courses-service/src/router/router.go:49.16,51.3 1 0
courses-service/src/router/router.go:53.2,57.10 4 0
courses-service/src/router/router.go:60.80,68.2 7 0
courses-service/src/service/course.go:24.73,26.2 1 0
courses-service/src/service/course.go:28.63,30.2 1 0
courses-service/src/service/course.go:32.92,33.21 1 0
courses-service/src/service/course.go:33.21,35.3 1 0
courses-service/src/service/course.go:37.2,45.48 2 0
courses-service/src/service/course.go:48.73,49.14 1 0
courses-service/src/service/course.go:49.14,51.3 1 0
courses-service/src/service/course.go:52.2,52.45 1 0
courses-service/src/service/course.go:55.55,56.14 1 0
courses-service/src/service/course.go:56.14,58.3 1 0
courses-service/src/service/course.go:59.2,59.44 1 0
courses-service/src/service/course.go:62.89,63.21 1 0
courses-service/src/service/course.go:63.21,65.3 1 0
courses-service/src/service/course.go:66.2,66.59 1 0
courses-service/src/service/course.go:69.81,70.17 1 0
courses-service/src/service/course.go:70.17,72.3 1 0
courses-service/src/service/course.go:73.2,73.51 1 0
courses-service/src/service/course.go:76.121,77.14 1 0
courses-service/src/service/course.go:77.14,79.3 1 0
courses-service/src/service/course.go:80.2,87.52 2 0
courses-service/src/tests/testutil/db_setup.go:20.29,25.16 5 1
courses-service/src/tests/testutil/db_setup.go:25.16,27.3 1 0
courses-service/src/tests/testutil/db_setup.go:29.2,30.16 2 1
courses-service/src/tests/testutil/db_setup.go:30.16,32.3 1 0
courses-service/src/tests/testutil/db_setup.go:34.2,40.3 3 1
courses-service/src/tests/testutil/db_setup.go:44.42,45.64 1 0
courses-service/src/tests/testutil/db_setup.go:45.64,47.3 1 0
courses-service/src/tests/testutil/db_setup.go:51.57,54.16 3 1
courses-service/src/tests/testutil/db_setup.go:54.16,56.3 1 0
